# JRE version: OpenJDK Runtime Environment (11.0.15) (build 11.0.15+0-b2043.56-8887301)
# Java VM: OpenJDK 64-Bit Server VM (11.0.15+0-b2043.56-8887301, mixed mode, tiered, compressed oops, g1 gc, windows-amd64)
Heap:
 garbage-first heap   total 434176K, used 308224K [0x0000000080000000, 0x0000000100000000)
  region size 1024K, 24 young (24576K), 2 survivors (2048K)
 Metaspace       used 138605K, capacity 142413K, committed 142672K, reserved 1173504K
  class space    used 17026K, capacity 18386K, committed 18432K, reserved 1048576K
GC Heap History (20 events):
Event: 2527.961 GC heap before
{Heap before GC invocations=88 (full 0):
 garbage-first heap   total 336896K, used 296382K [0x0000000080000000, 0x0000000100000000)
  region size 1024K, 22 young (22528K), 2 survivors (2048K)
 Metaspace       used 127311K, capacity 130921K, committed 131024K, reserved 1163264K
  class space    used 15887K, capacity 17214K, committed 17280K, reserved 1048576K
}
Event: 2527.973 GC heap after
{Heap after GC invocations=89 (full 0):
 garbage-first heap   total 336896K, used 276790K [0x0000000080000000, 0x0000000100000000)
  region size 1024K, 2 young (2048K), 2 survivors (2048K)
 Metaspace       used 127311K, capacity 130921K, committed 131024K, reserved 1163264K
  class space    used 15887K, capacity 17214K, committed 17280K, reserved 1048576K
}
Event: 2530.055 GC heap before
{Heap before GC invocations=89 (full 0):
 garbage-first heap   total 336896K, used 296246K [0x0000000080000000, 0x0000000100000000)
  region size 1024K, 22 young (22528K), 2 survivors (2048K)
 Metaspace       used 130938K, capacity 134668K, committed 134864K, reserved 1167360K
  class space    used 16372K, capacity 17714K, committed 17792K, reserved 1048576K
}
Event: 2530.065 GC heap after
{Heap after GC invocations=90 (full 0):
 garbage-first heap   total 336896K, used 278396K [0x0000000080000000, 0x0000000100000000)
  region size 1024K, 3 young (3072K), 3 survivors (3072K)
 Metaspace       used 130938K, capacity 134668K, committed 134864K, reserved 1167360K
  class space    used 16372K, capacity 17714K, committed 17792K, reserved 1048576K
}
Event: 2531.109 GC heap before
{Heap before GC invocations=90 (full 0):
 garbage-first heap   total 336896K, used 298876K [0x0000000080000000, 0x0000000100000000)
  region size 1024K, 22 young (22528K), 3 survivors (3072K)
 Metaspace       used 132343K, capacity 136160K, committed 136272K, reserved 1167360K
  class space    used 16487K, capacity 17828K, committed 17920K, reserved 1048576K
}
Event: 2531.148 GC heap after
{Heap after GC invocations=91 (full 0):
 garbage-first heap   total 336896K, used 285347K [0x0000000080000000, 0x0000000100000000)
  region size 1024K, 3 young (3072K), 3 survivors (3072K)
 Metaspace       used 132343K, capacity 136160K, committed 136272K, reserved 1167360K
  class space    used 16487K, capacity 17828K, committed 17920K, reserved 1048576K
}
Event: 2534.771 GC heap before
{Heap before GC invocations=91 (full 0):
 garbage-first heap   total 336896K, used 298659K [0x0000000080000000, 0x0000000100000000)
  region size 1024K, 16 young (16384K), 3 survivors (3072K)
 Metaspace       used 132358K, capacity 136160K, committed 136272K, reserved 1167360K
  class space    used 16487K, capacity 17828K, committed 17920K, reserved 1048576K
}
Event: 2534.795 GC heap after
{Heap after GC invocations=92 (full 0):
 garbage-first heap   total 336896K, used 289249K [0x0000000080000000, 0x0000000100000000)
  region size 1024K, 2 young (2048K), 2 survivors (2048K)
 Metaspace       used 132358K, capacity 136160K, committed 136272K, reserved 1167360K
  class space    used 16487K, capacity 17828K, committed 17920K, reserved 1048576K
}
Event: 2538.536 GC heap before
{Heap before GC invocations=93 (full 0):
 garbage-first heap   total 336896K, used 271841K [0x0000000080000000, 0x0000000100000000)
  region size 1024K, 16 young (16384K), 2 survivors (2048K)
 Metaspace       used 132725K, capacity 136550K, committed 136784K, reserved 1169408K
  class space    used 16520K, capacity 17871K, committed 17920K, reserved 1048576K
}
Event: 2538.562 GC heap after
{Heap after GC invocations=94 (full 0):
 garbage-first heap   total 336896K, used 261816K [0x0000000080000000, 0x0000000100000000)
  region size 1024K, 2 young (2048K), 2 survivors (2048K)
 Metaspace       used 132725K, capacity 136550K, committed 136784K, reserved 1169408K
  class space    used 16520K, capacity 17871K, committed 17920K, reserved 1048576K
}
Event: 2539.312 GC heap before
{Heap before GC invocations=94 (full 0):
 garbage-first heap   total 336896K, used 276152K [0x0000000080000000, 0x0000000100000000)
  region size 1024K, 16 young (16384K), 2 survivors (2048K)
 Metaspace       used 133043K, capacity 136922K, committed 137040K, reserved 1169408K
  class space    used 16534K, capacity 17886K, committed 17920K, reserved 1048576K
}
Event: 2539.379 GC heap after
{Heap after GC invocations=95 (full 0):
 garbage-first heap   total 336896K, used 248170K [0x0000000080000000, 0x0000000100000000)
  region size 1024K, 2 young (2048K), 2 survivors (2048K)
 Metaspace       used 133043K, capacity 136922K, committed 137040K, reserved 1169408K
  class space    used 16534K, capacity 17886K, committed 17920K, reserved 1048576K
}
Event: 2540.613 GC heap before
{Heap before GC invocations=95 (full 0):
 garbage-first heap   total 336896K, used 272746K [0x0000000080000000, 0x0000000100000000)
  region size 1024K, 26 young (26624K), 2 survivors (2048K)
 Metaspace       used 134367K, capacity 138223K, committed 138448K, reserved 1169408K
  class space    used 16627K, capacity 17994K, committed 18048K, reserved 1048576K
}
Event: 2540.649 GC heap after
{Heap after GC invocations=96 (full 0):
 garbage-first heap   total 336896K, used 251904K [0x0000000080000000, 0x0000000100000000)
  region size 1024K, 4 young (4096K), 4 survivors (4096K)
 Metaspace       used 134367K, capacity 138223K, committed 138448K, reserved 1169408K
  class space    used 16627K, capacity 17994K, committed 18048K, reserved 1048576K
}
Event: 2541.638 GC heap before
{Heap before GC invocations=96 (full 0):
 garbage-first heap   total 336896K, used 276480K [0x0000000080000000, 0x0000000100000000)
  region size 1024K, 28 young (28672K), 4 survivors (4096K)
 Metaspace       used 137251K, capacity 141115K, committed 141392K, reserved 1173504K
  class space    used 16962K, capacity 18317K, committed 18432K, reserved 1048576K
}
Event: 2541.685 GC heap after
{Heap after GC invocations=97 (full 0):
 garbage-first heap   total 336896K, used 255608K [0x0000000080000000, 0x0000000100000000)
  region size 1024K, 4 young (4096K), 4 survivors (4096K)
 Metaspace       used 137251K, capacity 141115K, committed 141392K, reserved 1173504K
  class space    used 16962K, capacity 18317K, committed 18432K, reserved 1048576K
}
Event: 2543.531 GC heap before
{Heap before GC invocations=97 (full 0):
 garbage-first heap   total 336896K, used 280184K [0x0000000080000000, 0x0000000100000000)
  region size 1024K, 28 young (28672K), 4 survivors (4096K)
 Metaspace       used 137376K, capacity 141179K, committed 141392K, reserved 1173504K
  class space    used 16964K, capacity 18317K, committed 18432K, reserved 1048576K
}
Event: 2543.650 GC heap after
{Heap after GC invocations=98 (full 0):
 garbage-first heap   total 336896K, used 277880K [0x0000000080000000, 0x0000000100000000)
  region size 1024K, 4 young (4096K), 4 survivors (4096K)
 Metaspace       used 137376K, capacity 141179K, committed 141392K, reserved 1173504K
  class space    used 16964K, capacity 18317K, committed 18432K, reserved 1048576K
}
Event: 2543.722 GC heap before
{Heap before GC invocations=98 (full 0):
 garbage-first heap   total 336896K, used 290168K [0x0000000080000000, 0x0000000100000000)
  region size 1024K, 16 young (16384K), 4 survivors (4096K)
 Metaspace       used 137378K, capacity 141179K, committed 141392K, reserved 1173504K
  class space    used 16964K, capacity 18317K, committed 18432K, reserved 1048576K
}
Event: 2543.808 GC heap after
{Heap after GC invocations=99 (full 0):
 garbage-first heap   total 434176K, used 286720K [0x0000000080000000, 0x0000000100000000)
  region size 1024K, 2 young (2048K), 2 survivors (2048K)
 Metaspace       used 137378K, capacity 141179K, committed 141392K, reserved 1173504K
  class space    used 16964K, capacity 18317K, committed 18432K, reserved 1048576K
}

