# JRE version: OpenJDK Runtime Environment (11.0.15) (build 11.0.15+0-b2043.56-8887301)
# Java VM: OpenJDK 64-Bit Server VM (11.0.15+0-b2043.56-8887301, mixed mode, tiered, compressed oops, g1 gc, windows-amd64)
Heap:
 garbage-first heap   total 598016K, used 224768K [0x0000000080000000, 0x0000000100000000)
  region size 1024K, 3 young (3072K), 3 survivors (3072K)
 Metaspace       used 99556K, capacity 102149K, committed 102352K, reserved 1138688K
  class space    used 12372K, capacity 13319K, committed 13440K, reserved 1048576K
GC Heap History (20 events):
Event: 83.051 GC heap after
{Heap after GC invocations=41 (full 0):
 garbage-first heap   total 229376K, used 176084K [0x0000000080000000, 0x0000000100000000)
  region size 1024K, 3 young (3072K), 3 survivors (3072K)
 Metaspace       used 99415K, capacity 102076K, committed 102352K, reserved 1138688K
  class space    used 12370K, capacity 13319K, committed 13440K, reserved 1048576K
}
Event: 83.206 GC heap before
{Heap before GC invocations=41 (full 0):
 garbage-first heap   total 229376K, used 184276K [0x0000000080000000, 0x0000000100000000)
  region size 1024K, 11 young (11264K), 3 survivors (3072K)
 Metaspace       used 99415K, capacity 102076K, committed 102352K, reserved 1138688K
  class space    used 12370K, capacity 13319K, committed 13440K, reserved 1048576K
}
Event: 83.236 GC heap after
{Heap after GC invocations=42 (full 0):
 garbage-first heap   total 229376K, used 182212K [0x0000000080000000, 0x0000000100000000)
  region size 1024K, 2 young (2048K), 2 survivors (2048K)
 Metaspace       used 99415K, capacity 102076K, committed 102352K, reserved 1138688K
  class space    used 12370K, capacity 13319K, committed 13440K, reserved 1048576K
}
Event: 83.313 GC heap before
{Heap before GC invocations=42 (full 0):
 garbage-first heap   total 229376K, used 191428K [0x0000000080000000, 0x0000000100000000)
  region size 1024K, 11 young (11264K), 2 survivors (2048K)
 Metaspace       used 99415K, capacity 102076K, committed 102352K, reserved 1138688K
  class space    used 12370K, capacity 13319K, committed 13440K, reserved 1048576K
}
Event: 83.331 GC heap after
{Heap after GC invocations=43 (full 0):
 garbage-first heap   total 229376K, used 191488K [0x0000000080000000, 0x0000000100000000)
  region size 1024K, 2 young (2048K), 2 survivors (2048K)
 Metaspace       used 99415K, capacity 102076K, committed 102352K, reserved 1138688K
  class space    used 12370K, capacity 13319K, committed 13440K, reserved 1048576K
}
Event: 83.402 GC heap before
{Heap before GC invocations=43 (full 0):
 garbage-first heap   total 229376K, used 200704K [0x0000000080000000, 0x0000000100000000)
  region size 1024K, 11 young (11264K), 2 survivors (2048K)
 Metaspace       used 99415K, capacity 102076K, committed 102352K, reserved 1138688K
  class space    used 12370K, capacity 13319K, committed 13440K, reserved 1048576K
}
Event: 83.428 GC heap after
{Heap after GC invocations=44 (full 0):
 garbage-first heap   total 229376K, used 198144K [0x0000000080000000, 0x0000000100000000)
  region size 1024K, 2 young (2048K), 2 survivors (2048K)
 Metaspace       used 99415K, capacity 102076K, committed 102352K, reserved 1138688K
  class space    used 12370K, capacity 13319K, committed 13440K, reserved 1048576K
}
Event: 84.331 GC heap before
{Heap before GC invocations=45 (full 0):
 garbage-first heap   total 229376K, used 207360K [0x0000000080000000, 0x0000000100000000)
  region size 1024K, 11 young (11264K), 2 survivors (2048K)
 Metaspace       used 99415K, capacity 102076K, committed 102352K, reserved 1138688K
  class space    used 12370K, capacity 13319K, committed 13440K, reserved 1048576K
}
Event: 84.362 GC heap after
{Heap after GC invocations=46 (full 0):
 garbage-first heap   total 229376K, used 207360K [0x0000000080000000, 0x0000000100000000)
  region size 1024K, 2 young (2048K), 2 survivors (2048K)
 Metaspace       used 99415K, capacity 102076K, committed 102352K, reserved 1138688K
  class space    used 12370K, capacity 13319K, committed 13440K, reserved 1048576K
}
Event: 84.395 GC heap before
{Heap before GC invocations=46 (full 0):
 garbage-first heap   total 229376K, used 216576K [0x0000000080000000, 0x0000000100000000)
  region size 1024K, 11 young (11264K), 2 survivors (2048K)
 Metaspace       used 99415K, capacity 102076K, committed 102352K, reserved 1138688K
  class space    used 12370K, capacity 13319K, committed 13440K, reserved 1048576K
}
Event: 84.437 GC heap after
{Heap after GC invocations=47 (full 0):
 garbage-first heap   total 229376K, used 216064K [0x0000000080000000, 0x0000000100000000)
  region size 1024K, 2 young (2048K), 2 survivors (2048K)
 Metaspace       used 99415K, capacity 102076K, committed 102352K, reserved 1138688K
  class space    used 12370K, capacity 13319K, committed 13440K, reserved 1048576K
}
Event: 84.887 GC heap before
{Heap before GC invocations=47 (full 0):
 garbage-first heap   total 229376K, used 225280K [0x0000000080000000, 0x0000000100000000)
  region size 1024K, 11 young (11264K), 2 survivors (2048K)
 Metaspace       used 99461K, capacity 102144K, committed 102352K, reserved 1138688K
  class space    used 12370K, capacity 13319K, committed 13440K, reserved 1048576K
}
Event: 85.033 GC heap after
{Heap after GC invocations=48 (full 0):
 garbage-first heap   total 299008K, used 220160K [0x0000000080000000, 0x0000000100000000)
  region size 1024K, 2 young (2048K), 2 survivors (2048K)
 Metaspace       used 99461K, capacity 102144K, committed 102352K, reserved 1138688K
  class space    used 12370K, capacity 13319K, committed 13440K, reserved 1048576K
}
Event: 86.274 GC heap before
{Heap before GC invocations=49 (full 0):
 garbage-first heap   total 299008K, used 196608K [0x0000000080000000, 0x0000000100000000)
  region size 1024K, 17 young (17408K), 2 survivors (2048K)
 Metaspace       used 99508K, capacity 102149K, committed 102352K, reserved 1138688K
  class space    used 12370K, capacity 13319K, committed 13440K, reserved 1048576K
}
Event: 86.302 GC heap after
{Heap after GC invocations=50 (full 0):
 garbage-first heap   total 299008K, used 185818K [0x0000000080000000, 0x0000000100000000)
  region size 1024K, 3 young (3072K), 3 survivors (3072K)
 Metaspace       used 99508K, capacity 102149K, committed 102352K, reserved 1138688K
  class space    used 12370K, capacity 13319K, committed 13440K, reserved 1048576K
}
Event: 86.436 GC heap before
{Heap before GC invocations=50 (full 0):
 garbage-first heap   total 299008K, used 197082K [0x0000000080000000, 0x0000000100000000)
  region size 1024K, 14 young (14336K), 3 survivors (3072K)
 Metaspace       used 99508K, capacity 102149K, committed 102352K, reserved 1138688K
  class space    used 12370K, capacity 13319K, committed 13440K, reserved 1048576K
}
Event: 86.469 GC heap after
{Heap after GC invocations=51 (full 0):
 garbage-first heap   total 299008K, used 187726K [0x0000000080000000, 0x0000000100000000)
  region size 1024K, 2 young (2048K), 2 survivors (2048K)
 Metaspace       used 99508K, capacity 102149K, committed 102352K, reserved 1138688K
  class space    used 12370K, capacity 13319K, committed 13440K, reserved 1048576K
}
Event: 86.722 GC heap before
{Heap before GC invocations=51 (full 0):
 garbage-first heap   total 299008K, used 214350K [0x0000000080000000, 0x0000000100000000)
  region size 1024K, 28 young (28672K), 2 survivors (2048K)
 Metaspace       used 99508K, capacity 102149K, committed 102352K, reserved 1138688K
  class space    used 12370K, capacity 13319K, committed 13440K, reserved 1048576K
}
Event: 86.787 GC heap after
{Heap after GC invocations=52 (full 0):
 garbage-first heap   total 299008K, used 214016K [0x0000000080000000, 0x0000000100000000)
  region size 1024K, 4 young (4096K), 4 survivors (4096K)
 Metaspace       used 99508K, capacity 102149K, committed 102352K, reserved 1138688K
  class space    used 12370K, capacity 13319K, committed 13440K, reserved 1048576K
}
Event: 87.854 GC heap before
{Heap before GC invocations=53 (full 0):
 garbage-first heap   total 299008K, used 231424K [0x0000000080000000, 0x0000000100000000)
  region size 1024K, 21 young (21504K), 4 survivors (4096K)
 Metaspace       used 99556K, capacity 102149K, committed 102352K, reserved 1138688K
  class space    used 12372K, capacity 13319K, committed 13440K, reserved 1048576K
}

