# JRE version: OpenJDK Runtime Environment (11.0.15) (build 11.0.15+0-b2043.56-8887301)
# Java VM: OpenJDK 64-Bit Server VM (11.0.15+0-b2043.56-8887301, mixed mode, tiered, compressed oops, g1 gc, windows-amd64)
Heap:
 garbage-first heap   total 535552K, used 181666K [0x0000000080000000, 0x0000000100000000)
  region size 1024K, 4 young (4096K), 4 survivors (4096K)
 Metaspace       used 102365K, capacity 105084K, committed 105296K, reserved 1140736K
  class space    used 12585K, capacity 13547K, committed 13568K, reserved 1048576K
GC Heap History (20 events):
Event: 82.330 GC heap after
{Heap after GC invocations=43 (full 0):
 garbage-first heap   total 229376K, used 189440K [0x0000000080000000, 0x0000000100000000)
  region size 1024K, 2 young (2048K), 2 survivors (2048K)
 Metaspace       used 99448K, capacity 102112K, committed 102224K, reserved 1138688K
  class space    used 12360K, capacity 13311K, committed 13312K, reserved 1048576K
}
Event: 82.435 GC heap before
{Heap before GC invocations=43 (full 0):
 garbage-first heap   total 229376K, used 197632K [0x0000000080000000, 0x0000000100000000)
  region size 1024K, 11 young (11264K), 2 survivors (2048K)
 Metaspace       used 99448K, capacity 102112K, committed 102224K, reserved 1138688K
  class space    used 12360K, capacity 13311K, committed 13312K, reserved 1048576K
}
Event: 82.460 GC heap after
{Heap after GC invocations=44 (full 0):
 garbage-first heap   total 229376K, used 195072K [0x0000000080000000, 0x0000000100000000)
  region size 1024K, 2 young (2048K), 2 survivors (2048K)
 Metaspace       used 99448K, capacity 102112K, committed 102224K, reserved 1138688K
  class space    used 12360K, capacity 13311K, committed 13312K, reserved 1048576K
}
Event: 82.490 GC heap before
{Heap before GC invocations=44 (full 0):
 garbage-first heap   total 229376K, used 204288K [0x0000000080000000, 0x0000000100000000)
  region size 1024K, 11 young (11264K), 2 survivors (2048K)
 Metaspace       used 99448K, capacity 102112K, committed 102224K, reserved 1138688K
  class space    used 12360K, capacity 13311K, committed 13312K, reserved 1048576K
}
Event: 82.519 GC heap after
{Heap after GC invocations=45 (full 0):
 garbage-first heap   total 275456K, used 202240K [0x0000000080000000, 0x0000000100000000)
  region size 1024K, 2 young (2048K), 2 survivors (2048K)
 Metaspace       used 99448K, capacity 102112K, committed 102224K, reserved 1138688K
  class space    used 12360K, capacity 13311K, committed 13312K, reserved 1048576K
}
Event: 84.305 GC heap before
{Heap before GC invocations=46 (full 0):
 garbage-first heap   total 275456K, used 217600K [0x0000000080000000, 0x0000000100000000)
  region size 1024K, 17 young (17408K), 2 survivors (2048K)
 Metaspace       used 99448K, capacity 102112K, committed 102224K, reserved 1138688K
  class space    used 12360K, capacity 13311K, committed 13312K, reserved 1048576K
}
Event: 84.360 GC heap after
{Heap after GC invocations=47 (full 0):
 garbage-first heap   total 275456K, used 214016K [0x0000000080000000, 0x0000000100000000)
  region size 1024K, 3 young (3072K), 3 survivors (3072K)
 Metaspace       used 99448K, capacity 102112K, committed 102224K, reserved 1138688K
  class space    used 12360K, capacity 13311K, committed 13312K, reserved 1048576K
}
Event: 85.239 GC heap before
{Heap before GC invocations=47 (full 0):
 garbage-first heap   total 275456K, used 225280K [0x0000000080000000, 0x0000000100000000)
  region size 1024K, 14 young (14336K), 3 survivors (3072K)
 Metaspace       used 99492K, capacity 102180K, committed 102224K, reserved 1138688K
  class space    used 12360K, capacity 13311K, committed 13312K, reserved 1048576K
}
Event: 85.275 GC heap after
{Heap after GC invocations=48 (full 0):
 garbage-first heap   total 275456K, used 221184K [0x0000000080000000, 0x0000000100000000)
  region size 1024K, 2 young (2048K), 2 survivors (2048K)
 Metaspace       used 99492K, capacity 102180K, committed 102224K, reserved 1138688K
  class space    used 12360K, capacity 13311K, committed 13312K, reserved 1048576K
}
Event: 86.689 GC heap before
{Heap before GC invocations=49 (full 0):
 garbage-first heap   total 275456K, used 195584K [0x0000000080000000, 0x0000000100000000)
  region size 1024K, 13 young (13312K), 2 survivors (2048K)
 Metaspace       used 99520K, capacity 102183K, committed 102224K, reserved 1138688K
  class space    used 12360K, capacity 13311K, committed 13312K, reserved 1048576K
}
Event: 86.711 GC heap after
{Heap after GC invocations=50 (full 0):
 garbage-first heap   total 275456K, used 186880K [0x0000000080000000, 0x0000000100000000)
  region size 1024K, 2 young (2048K), 2 survivors (2048K)
 Metaspace       used 99520K, capacity 102183K, committed 102224K, reserved 1138688K
  class space    used 12360K, capacity 13311K, committed 13312K, reserved 1048576K
}
Event: 87.863 GC heap before
{Heap before GC invocations=50 (full 0):
 garbage-first heap   total 275456K, used 198144K [0x0000000080000000, 0x0000000100000000)
  region size 1024K, 13 young (13312K), 2 survivors (2048K)
 Metaspace       used 99540K, capacity 102185K, committed 102224K, reserved 1138688K
  class space    used 12360K, capacity 13311K, committed 13312K, reserved 1048576K
}
Event: 87.903 GC heap after
{Heap after GC invocations=51 (full 0):
 garbage-first heap   total 357376K, used 180588K [0x0000000080000000, 0x0000000100000000)
  region size 1024K, 2 young (2048K), 2 survivors (2048K)
 Metaspace       used 99540K, capacity 102185K, committed 102224K, reserved 1138688K
  class space    used 12360K, capacity 13311K, committed 13312K, reserved 1048576K
}
Event: 89.510 GC heap before
{Heap before GC invocations=51 (full 0):
 garbage-first heap   total 357376K, used 225644K [0x0000000080000000, 0x0000000100000000)
  region size 1024K, 46 young (47104K), 2 survivors (2048K)
 Metaspace       used 99586K, capacity 102185K, committed 102224K, reserved 1138688K
  class space    used 12362K, capacity 13311K, committed 13312K, reserved 1048576K
}
Event: 89.658 GC heap after
{Heap after GC invocations=52 (full 0):
 garbage-first heap   total 357376K, used 221184K [0x0000000080000000, 0x0000000100000000)
  region size 1024K, 6 young (6144K), 6 survivors (6144K)
 Metaspace       used 99586K, capacity 102185K, committed 102224K, reserved 1138688K
  class space    used 12362K, capacity 13311K, committed 13312K, reserved 1048576K
}
Event: 94.337 GC heap before
{Heap before GC invocations=53 (full 0):
 garbage-first heap   total 357376K, used 212992K [0x0000000080000000, 0x0000000100000000)
  region size 1024K, 38 young (38912K), 6 survivors (6144K)
 Metaspace       used 100889K, capacity 103576K, committed 103760K, reserved 1140736K
  class space    used 12500K, capacity 13456K, committed 13568K, reserved 1048576K
}
Event: 94.398 GC heap after
{Heap after GC invocations=54 (full 0):
 garbage-first heap   total 357376K, used 184791K [0x0000000080000000, 0x0000000100000000)
  region size 1024K, 5 young (5120K), 5 survivors (5120K)
 Metaspace       used 100889K, capacity 103576K, committed 103760K, reserved 1140736K
  class space    used 12500K, capacity 13456K, committed 13568K, reserved 1048576K
}
Event: 95.250 GC heap before
{Heap before GC invocations=54 (full 0):
 garbage-first heap   total 357376K, used 197079K [0x0000000080000000, 0x0000000100000000)
  region size 1024K, 17 young (17408K), 5 survivors (5120K)
 Metaspace       used 101296K, capacity 103975K, committed 104272K, reserved 1140736K
  class space    used 12536K, capacity 13503K, committed 13568K, reserved 1048576K
}
Event: 95.292 GC heap after
{Heap after GC invocations=55 (full 0):
 garbage-first heap   total 357376K, used 178556K [0x0000000080000000, 0x0000000100000000)
  region size 1024K, 1 young (1024K), 1 survivors (1024K)
 Metaspace       used 101296K, capacity 103975K, committed 104272K, reserved 1140736K
  class space    used 12536K, capacity 13503K, committed 13568K, reserved 1048576K
}
Event: 99.991 GC heap before
{Heap before GC invocations=55 (full 0):
 garbage-first heap   total 357376K, used 229756K [0x0000000080000000, 0x0000000100000000)
  region size 1024K, 51 young (52224K), 1 survivors (1024K)
 Metaspace       used 102365K, capacity 105084K, committed 105296K, reserved 1140736K
  class space    used 12585K, capacity 13547K, committed 13568K, reserved 1048576K
}

